Build started 8/3/2016 10:25:55 AM.
     1>Project "C:\Users\UC215030\documents\visual studio 2010\Projects\DesignPatterns\Prototype\Prototype.vcxproj" on node 2 (build target(s)).
     1>InitializeBuildStatus:
         Creating "Release\Prototype.unsuccessfulbuild" because "AlwaysCreate" was specified.
       ClCompile:
         All outputs are up-to-date.
         C:\Program Files (x86)\Microsoft Visual Studio 10.0\VC\bin\CL.exe /c /Zi /nologo /W3 /WX- /O2 /Oi /Oy- /GL /D WIN32 /D NDEBUG /D _CONSOLE /D _UNICODE /D UNICODE /Gm- /EHsc /MD /GS /Gy /fp:precise /Zc:wchar_t /Zc:forScope /Yu"StdAfx.h" /Fp"Release\Prototype.pch" /Fo"Release\\" /Fd"Release\vc100.pdb" /Gd /TP /analyze- /errorReport:prompt Prototype.cpp
         Prototype.cpp
       Link:
         C:\Program Files (x86)\Microsoft Visual Studio 10.0\VC\bin\link.exe /ERRORREPORT:PROMPT /OUT:"C:\Users\UC215030\documents\visual studio 2010\Projects\DesignPatterns\Release\Prototype.exe" /INCREMENTAL:NO /NOLOGO kernel32.lib user32.lib gdi32.lib winspool.lib comdlg32.lib advapi32.lib shell32.lib ole32.lib oleaut32.lib uuid.lib odbc32.lib odbccp32.lib /MANIFEST /ManifestFile:"Release\Prototype.exe.intermediate.manifest" /MANIFESTUAC:"level='asInvoker' uiAccess='false'" /DEBUG /PDB:"C:\Users\UC215030\documents\visual studio 2010\Projects\DesignPatterns\Release\Prototype.pdb" /SUBSYSTEM:CONSOLE /OPT:REF /OPT:ICF /LTCG /TLBID:1 /DYNAMICBASE /NXCOMPAT /IMPLIB:"C:\Users\UC215030\documents\visual studio 2010\Projects\DesignPatterns\Release\Prototype.lib" /MACHINE:X86 Release\Prototype.obj
         Release\stdafx.obj
         Generating code
     1>c:\users\uc215030\documents\visual studio 2010\projects\designpatterns\prototype\prototype.cpp(42): warning C4715: 'Image::findAndClone' : not all control paths return a value
         Finished generating code
         Prototype.vcxproj -> C:\Users\UC215030\documents\visual studio 2010\Projects\DesignPatterns\Release\Prototype.exe
       Manifest:
         C:\Program Files (x86)\Microsoft SDKs\Windows\v7.0A\bin\mt.exe /nologo /verbose /outputresource:"C:\Users\UC215030\documents\visual studio 2010\Projects\DesignPatterns\Release\Prototype.exe;#1" /manifest Release\Prototype.exe.intermediate.manifest
       FinalizeBuildStatus:
         Deleting file "Release\Prototype.unsuccessfulbuild".
         Touching "Release\Prototype.lastbuildstate".
     1>Done Building Project "C:\Users\UC215030\documents\visual studio 2010\Projects\DesignPatterns\Prototype\Prototype.vcxproj" (build target(s)).

Build succeeded.

Time Elapsed 00:00:02.79
