Build started 7/25/2016 4:16:47 PM.
     1>Project "c:\Users\UC215030\documents\visual studio 2010\Projects\DesignPatterns\Bridge\Bridge.vcxproj" on node 3 (build target(s)).
     1>InitializeBuildStatus:
         Creating "Release\Bridge.unsuccessfulbuild" because "AlwaysCreate" was specified.
       ClCompile:
         C:\Program Files (x86)\Microsoft Visual Studio 10.0\VC\bin\CL.exe /c /Zi /nologo /W3 /WX- /O2 /Oi /Oy- /GL /D WIN32 /D NDEBUG /D _CONSOLE /D _UNICODE /D UNICODE /Gm- /EHsc /MD /GS /Gy /fp:precise /Zc:wchar_t /Zc:forScope /Yc"StdAfx.h" /Fp"Release\Bridge.pch" /Fo"Release\\" /Fd"Release\vc100.pdb" /Gd /TP /analyze- /errorReport:prompt stdafx.cpp
         stdafx.cpp
         C:\Program Files (x86)\Microsoft Visual Studio 10.0\VC\bin\CL.exe /c /Zi /nologo /W3 /WX- /O2 /Oi /Oy- /GL /D WIN32 /D NDEBUG /D _CONSOLE /D _UNICODE /D UNICODE /Gm- /EHsc /MD /GS /Gy /fp:precise /Zc:wchar_t /Zc:forScope /Yu"StdAfx.h" /Fp"Release\Bridge.pch" /Fo"Release\\" /Fd"Release\vc100.pdb" /Gd /TP /analyze- /errorReport:prompt Bridge.cpp
         Bridge.cpp
     1>c:\users\uc215030\documents\visual studio 2010\projects\designpatterns\bridge\Bridge.h(22): warning C4996: 'strcpy': This function or variable may be unsafe. Consider using strcpy_s instead. To disable deprecation, use _CRT_SECURE_NO_WARNINGS. See online help for details.
                 C:\Program Files (x86)\Microsoft Visual Studio 10.0\VC\include\string.h(105) : see declaration of 'strcpy'
     1>c:\users\uc215030\documents\visual studio 2010\projects\designpatterns\bridge\Bridge.h(24): warning C4996: 'strcpy': This function or variable may be unsafe. Consider using strcpy_s instead. To disable deprecation, use _CRT_SECURE_NO_WARNINGS. See online help for details.
                 C:\Program Files (x86)\Microsoft Visual Studio 10.0\VC\include\string.h(105) : see declaration of 'strcpy'
     1>c:\users\uc215030\documents\visual studio 2010\projects\designpatterns\bridge\Bridge.h(39): warning C4996: 'strcpy': This function or variable may be unsafe. Consider using strcpy_s instead. To disable deprecation, use _CRT_SECURE_NO_WARNINGS. See online help for details.
                 C:\Program Files (x86)\Microsoft Visual Studio 10.0\VC\include\string.h(105) : see declaration of 'strcpy'
     1>c:\users\uc215030\documents\visual studio 2010\projects\designpatterns\bridge\Bridge.h(41): warning C4996: 'strcpy': This function or variable may be unsafe. Consider using strcpy_s instead. To disable deprecation, use _CRT_SECURE_NO_WARNINGS. See online help for details.
                 C:\Program Files (x86)\Microsoft Visual Studio 10.0\VC\include\string.h(105) : see declaration of 'strcpy'
       Link:
         C:\Program Files (x86)\Microsoft Visual Studio 10.0\VC\bin\link.exe /ERRORREPORT:PROMPT /OUT:"c:\users\uc215030\documents\visual studio 2010\Projects\DesignPatterns\Release\Bridge.exe" /INCREMENTAL:NO /NOLOGO kernel32.lib user32.lib gdi32.lib winspool.lib comdlg32.lib advapi32.lib shell32.lib ole32.lib oleaut32.lib uuid.lib odbc32.lib odbccp32.lib /MANIFEST /ManifestFile:"Release\Bridge.exe.intermediate.manifest" /MANIFESTUAC:"level='asInvoker' uiAccess='false'" /DEBUG /PDB:"c:\users\uc215030\documents\visual studio 2010\Projects\DesignPatterns\Release\Bridge.pdb" /SUBSYSTEM:CONSOLE /OPT:REF /OPT:ICF /LTCG /TLBID:1 /DYNAMICBASE /NXCOMPAT /IMPLIB:"c:\users\uc215030\documents\visual studio 2010\Projects\DesignPatterns\Release\Bridge.lib" /MACHINE:X86 Release\Bridge.obj
         Release\stdafx.obj
         Generating code
         Finished generating code
         Bridge.vcxproj -> c:\users\uc215030\documents\visual studio 2010\Projects\DesignPatterns\Release\Bridge.exe
       Manifest:
         C:\Program Files (x86)\Microsoft SDKs\Windows\v7.0A\bin\mt.exe /nologo /verbose /outputresource:"c:\users\uc215030\documents\visual studio 2010\Projects\DesignPatterns\Release\Bridge.exe;#1" /manifest Release\Bridge.exe.intermediate.manifest
       FinalizeBuildStatus:
         Deleting file "Release\Bridge.unsuccessfulbuild".
         Touching "Release\Bridge.lastbuildstate".
     1>Done Building Project "c:\Users\UC215030\documents\visual studio 2010\Projects\DesignPatterns\Bridge\Bridge.vcxproj" (build target(s)).

Build succeeded.

Time Elapsed 00:00:00.86
