Build started 7/25/2016 4:16:46 PM.
     1>Project "c:\Users\UC215030\documents\visual studio 2010\Projects\DesignPatterns\Adapter\Adapter.vcxproj" on node 2 (build target(s)).
     1>InitializeBuildStatus:
         Creating "Release\Adapter.unsuccessfulbuild" because "AlwaysCreate" was specified.
       ClCompile:
         All outputs are up-to-date.
         C:\Program Files (x86)\Microsoft Visual Studio 10.0\VC\bin\CL.exe /c /Zi /nologo /W3 /WX- /O2 /Oi /Oy- /GL /D WIN32 /D NDEBUG /D _CONSOLE /D _UNICODE /D UNICODE /Gm- /EHsc /MD /GS /Gy /fp:precise /Zc:wchar_t /Zc:forScope /Yu"StdAfx.h" /Fp"Release\Adapter.pch" /Fo"Release\\" /Fd"Release\vc100.pdb" /Gd /TP /analyze- /errorReport:prompt Adapter.cpp
         Adapter.cpp
       Link:
         C:\Program Files (x86)\Microsoft Visual Studio 10.0\VC\bin\link.exe /ERRORREPORT:PROMPT /OUT:"c:\users\uc215030\documents\visual studio 2010\Projects\DesignPatterns\Release\Adapter.exe" /INCREMENTAL:NO /NOLOGO kernel32.lib user32.lib gdi32.lib winspool.lib comdlg32.lib advapi32.lib shell32.lib ole32.lib oleaut32.lib uuid.lib odbc32.lib odbccp32.lib /MANIFEST /ManifestFile:"Release\Adapter.exe.intermediate.manifest" /MANIFESTUAC:"level='asInvoker' uiAccess='false'" /DEBUG /PDB:"c:\users\uc215030\documents\visual studio 2010\Projects\DesignPatterns\Release\Adapter.pdb" /SUBSYSTEM:CONSOLE /OPT:REF /OPT:ICF /LTCG /TLBID:1 /DYNAMICBASE /NXCOMPAT /IMPLIB:"c:\users\uc215030\documents\visual studio 2010\Projects\DesignPatterns\Release\Adapter.lib" /MACHINE:X86 Release\Adapter.obj
         Release\stdafx.obj
         Generating code
         Finished generating code
         Adapter.vcxproj -> c:\users\uc215030\documents\visual studio 2010\Projects\DesignPatterns\Release\Adapter.exe
       Manifest:
         C:\Program Files (x86)\Microsoft SDKs\Windows\v7.0A\bin\mt.exe /nologo /verbose /outputresource:"c:\users\uc215030\documents\visual studio 2010\Projects\DesignPatterns\Release\Adapter.exe;#1" /manifest Release\Adapter.exe.intermediate.manifest
       FinalizeBuildStatus:
         Deleting file "Release\Adapter.unsuccessfulbuild".
         Touching "Release\Adapter.lastbuildstate".
     1>Done Building Project "c:\Users\UC215030\documents\visual studio 2010\Projects\DesignPatterns\Adapter\Adapter.vcxproj" (build target(s)).

Build succeeded.

Time Elapsed 00:00:00.75
