Build started 10/21/2016 4:53:11 PM.
     1>Project "C:\Users\UC215030\documents\visual studio 2010\Projects\DesignPatterns\Visitor2\Visitor2.vcxproj" on node 2 (build target(s)).
     1>InitializeBuildStatus:
         Creating "Release\Visitor2.unsuccessfulbuild" because "AlwaysCreate" was specified.
       ClCompile:
         All outputs are up-to-date.
         C:\Program Files (x86)\Microsoft Visual Studio 10.0\VC\bin\CL.exe /c /Zi /nologo /W3 /WX- /O2 /Oi /Oy- /GL /D WIN32 /D NDEBUG /D _CONSOLE /D _UNICODE /D UNICODE /Gm- /EHsc /MD /GS /Gy /fp:precise /Zc:wchar_t /Zc:forScope /Yu"StdAfx.h" /Fp"Release\Visitor2.pch" /Fo"Release\\" /Fd"Release\vc100.pdb" /Gd /TP /analyze- /errorReport:prompt Visitor2.cpp
         Visitor2.cpp
     1>Visitor2.cpp(60): warning C4018: '<' : signed/unsigned mismatch
       Link:
         C:\Program Files (x86)\Microsoft Visual Studio 10.0\VC\bin\link.exe /ERRORREPORT:PROMPT /OUT:"C:\Users\UC215030\documents\visual studio 2010\Projects\DesignPatterns\Release\Visitor2.exe" /INCREMENTAL:NO /NOLOGO kernel32.lib user32.lib gdi32.lib winspool.lib comdlg32.lib advapi32.lib shell32.lib ole32.lib oleaut32.lib uuid.lib odbc32.lib odbccp32.lib /MANIFEST /ManifestFile:"Release\Visitor2.exe.intermediate.manifest" /MANIFESTUAC:"level='asInvoker' uiAccess='false'" /DEBUG /PDB:"C:\Users\UC215030\documents\visual studio 2010\Projects\DesignPatterns\Release\Visitor2.pdb" /SUBSYSTEM:CONSOLE /OPT:REF /OPT:ICF /LTCG /TLBID:1 /DYNAMICBASE /NXCOMPAT /IMPLIB:"C:\Users\UC215030\documents\visual studio 2010\Projects\DesignPatterns\Release\Visitor2.lib" /MACHINE:X86 Release\stdafx.obj
         Release\Visitor2.obj
         Generating code
         Finished generating code
         Visitor2.vcxproj -> C:\Users\UC215030\documents\visual studio 2010\Projects\DesignPatterns\Release\Visitor2.exe
       Manifest:
         C:\Program Files (x86)\Microsoft SDKs\Windows\v7.0A\bin\mt.exe /nologo /verbose /outputresource:"C:\Users\UC215030\documents\visual studio 2010\Projects\DesignPatterns\Release\Visitor2.exe;#1" /manifest Release\Visitor2.exe.intermediate.manifest
       FinalizeBuildStatus:
         Deleting file "Release\Visitor2.unsuccessfulbuild".
         Touching "Release\Visitor2.lastbuildstate".
     1>Done Building Project "C:\Users\UC215030\documents\visual studio 2010\Projects\DesignPatterns\Visitor2\Visitor2.vcxproj" (build target(s)).

Build succeeded.

Time Elapsed 00:00:02.43
