Build started 7/25/2016 10:57:55 AM.
     1>Project "c:\Users\UC215030\documents\visual studio 2010\Projects\DesignPatterns\Adapter\Adapter.vcxproj" on node 2 (build target(s)).
     1>InitializeBuildStatus:
         Creating "Debug\Adapter.unsuccessfulbuild" because "AlwaysCreate" was specified.
       ClCompile:
         C:\Program Files (x86)\Microsoft Visual Studio 10.0\VC\bin\CL.exe /c /ZI /nologo /W3 /WX- /Od /Oy- /D WIN32 /D _DEBUG /D _CONSOLE /D _UNICODE /D UNICODE /Gm /EHsc /RTC1 /MDd /GS /fp:precise /Zc:wchar_t /Zc:forScope /Yc"StdAfx.h" /Fp"Debug\Adapter.pch" /Fo"Debug\\" /Fd"Debug\vc100.pdb" /Gd /TP /analyze- /errorReport:prompt stdafx.cpp
         stdafx.cpp
         C:\Program Files (x86)\Microsoft Visual Studio 10.0\VC\bin\CL.exe /c /ZI /nologo /W3 /WX- /Od /Oy- /D WIN32 /D _DEBUG /D _CONSOLE /D _UNICODE /D UNICODE /Gm /EHsc /RTC1 /MDd /GS /fp:precise /Zc:wchar_t /Zc:forScope /Yu"StdAfx.h" /Fp"Debug\Adapter.pch" /Fo"Debug\\" /Fd"Debug\vc100.pdb" /Gd /TP /analyze- /errorReport:prompt Adapter.cpp
         Adapter.cpp
       ManifestResourceCompile:
         C:\Program Files (x86)\Microsoft SDKs\Windows\v7.0A\bin\rc.exe /nologo /fo"Debug\Adapter.exe.embed.manifest.res" Debug\Adapter_manifest.rc 
       Link:
         C:\Program Files (x86)\Microsoft Visual Studio 10.0\VC\bin\link.exe /ERRORREPORT:PROMPT /OUT:"c:\users\uc215030\documents\visual studio 2010\Projects\DesignPatterns\Debug\Adapter.exe" /INCREMENTAL /NOLOGO kernel32.lib user32.lib gdi32.lib winspool.lib comdlg32.lib advapi32.lib shell32.lib ole32.lib oleaut32.lib uuid.lib odbc32.lib odbccp32.lib /MANIFEST /ManifestFile:"Debug\Adapter.exe.intermediate.manifest" /MANIFESTUAC:"level='asInvoker' uiAccess='false'" /DEBUG /PDB:"c:\users\uc215030\documents\visual studio 2010\Projects\DesignPatterns\Debug\Adapter.pdb" /SUBSYSTEM:CONSOLE /TLBID:1 /DYNAMICBASE /NXCOMPAT /IMPLIB:"c:\users\uc215030\documents\visual studio 2010\Projects\DesignPatterns\Debug\Adapter.lib" /MACHINE:X86 Debug\Adapter.exe.embed.manifest.res
         Debug\Adapter.obj
         Debug\stdafx.obj
       Manifest:
         C:\Program Files (x86)\Microsoft SDKs\Windows\v7.0A\bin\mt.exe /nologo /verbose /out:"Debug\Adapter.exe.embed.manifest" /manifest Debug\Adapter.exe.intermediate.manifest
         C:\Program Files (x86)\Microsoft SDKs\Windows\v7.0A\bin\rc.exe /nologo /fo"Debug\Adapter.exe.embed.manifest.res" Debug\Adapter_manifest.rc 
       LinkEmbedManifest:
         C:\Program Files (x86)\Microsoft Visual Studio 10.0\VC\bin\link.exe /ERRORREPORT:PROMPT /OUT:"c:\users\uc215030\documents\visual studio 2010\Projects\DesignPatterns\Debug\Adapter.exe" /INCREMENTAL /NOLOGO kernel32.lib user32.lib gdi32.lib winspool.lib comdlg32.lib advapi32.lib shell32.lib ole32.lib oleaut32.lib uuid.lib odbc32.lib odbccp32.lib /MANIFEST /ManifestFile:"Debug\Adapter.exe.intermediate.manifest" /MANIFESTUAC:"level='asInvoker' uiAccess='false'" /DEBUG /PDB:"c:\users\uc215030\documents\visual studio 2010\Projects\DesignPatterns\Debug\Adapter.pdb" /SUBSYSTEM:CONSOLE /TLBID:1 /DYNAMICBASE /NXCOMPAT /IMPLIB:"c:\users\uc215030\documents\visual studio 2010\Projects\DesignPatterns\Debug\Adapter.lib" /MACHINE:X86 Debug\Adapter.exe.embed.manifest.res
         Debug\Adapter.obj
         Debug\stdafx.obj
         Adapter.vcxproj -> c:\users\uc215030\documents\visual studio 2010\Projects\DesignPatterns\Debug\Adapter.exe
       FinalizeBuildStatus:
         Deleting file "Debug\Adapter.unsuccessfulbuild".
         Touching "Debug\Adapter.lastbuildstate".
     1>Done Building Project "c:\Users\UC215030\documents\visual studio 2010\Projects\DesignPatterns\Adapter\Adapter.vcxproj" (build target(s)).

Build succeeded.

Time Elapsed 00:00:02.94
