Build started 8/8/2016 4:14:23 PM.
     1>Project "C:\Users\UC215030\documents\visual studio 2010\Projects\DesignPatterns\AbstractFactory\AbstractFactory.vcxproj" on node 2 (build target(s)).
     1>InitializeBuildStatus:
         Creating "Release\AbstractFactory.unsuccessfulbuild" because "AlwaysCreate" was specified.
       ClCompile:
         All outputs are up-to-date.
         C:\Program Files (x86)\Microsoft Visual Studio 10.0\VC\bin\CL.exe /c /Zi /nologo /W3 /WX- /O2 /Oi /Oy- /GL /D WIN32 /D NDEBUG /D _CONSOLE /D _UNICODE /D UNICODE /Gm- /EHsc /MD /GS /Gy /fp:precise /Zc:wchar_t /Zc:forScope /Yu"StdAfx.h" /Fp"Release\AbstractFactory.pch" /Fo"Release\\" /Fd"Release\vc100.pdb" /Gd /TP /analyze- /errorReport:prompt AbstractFactory.cpp
         AbstractFactory.cpp
       Link:
         C:\Program Files (x86)\Microsoft Visual Studio 10.0\VC\bin\link.exe /ERRORREPORT:PROMPT /OUT:"C:\Users\UC215030\documents\visual studio 2010\Projects\DesignPatterns\Release\AbstractFactory.exe" /INCREMENTAL:NO /NOLOGO kernel32.lib user32.lib gdi32.lib winspool.lib comdlg32.lib advapi32.lib shell32.lib ole32.lib oleaut32.lib uuid.lib odbc32.lib odbccp32.lib /MANIFEST /ManifestFile:"Release\AbstractFactory.exe.intermediate.manifest" /MANIFESTUAC:"level='asInvoker' uiAccess='false'" /DEBUG /PDB:"C:\Users\UC215030\documents\visual studio 2010\Projects\DesignPatterns\Release\AbstractFactory.pdb" /SUBSYSTEM:CONSOLE /OPT:REF /OPT:ICF /LTCG /TLBID:1 /DYNAMICBASE /NXCOMPAT /IMPLIB:"C:\Users\UC215030\documents\visual studio 2010\Projects\DesignPatterns\Release\AbstractFactory.lib" /MACHINE:X86 Release\AbstractFactory.obj
         Release\stdafx.obj
         Generating code
         Finished generating code
         AbstractFactory.vcxproj -> C:\Users\UC215030\documents\visual studio 2010\Projects\DesignPatterns\Release\AbstractFactory.exe
       Manifest:
         C:\Program Files (x86)\Microsoft SDKs\Windows\v7.0A\bin\mt.exe /nologo /verbose /outputresource:"C:\Users\UC215030\documents\visual studio 2010\Projects\DesignPatterns\Release\AbstractFactory.exe;#1" /manifest Release\AbstractFactory.exe.intermediate.manifest
       FinalizeBuildStatus:
         Deleting file "Release\AbstractFactory.unsuccessfulbuild".
         Touching "Release\AbstractFactory.lastbuildstate".
     1>Done Building Project "C:\Users\UC215030\documents\visual studio 2010\Projects\DesignPatterns\AbstractFactory\AbstractFactory.vcxproj" (build target(s)).

Build succeeded.

Time Elapsed 00:00:00.66
